{"C:\\Users\\Fran\\OneDrive - unicesar.edu.co\\Escritorio\\Cursos\\React\\React Guia completa\\rest_api_node_ts_server\\src\\router.ts": {"path":"C:\\Users\\Fran\\OneDrive - unicesar.edu.co\\Escritorio\\Cursos\\React\\React Guia completa\\rest_api_node_ts_server\\src\\router.ts","statementMap":{"0":{"start":{"line":1,"column":0},"end":{"line":1,"column":33}},"1":{"start":{"line":2,"column":0},"end":{"line":2,"column":null}},"2":{"start":{"line":10,"column":0},"end":{"line":10,"column":49}},"3":{"start":{"line":11,"column":0},"end":{"line":11,"column":42}},"4":{"start":{"line":12,"column":15},"end":{"line":12,"column":23}},"5":{"start":{"line":14,"column":0},"end":{"line":14,"column":29}},"6":{"start":{"line":15,"column":0},"end":{"line":19,"column":2}},"7":{"start":{"line":21,"column":0},"end":{"line":21,"column":51}},"8":{"start":{"line":23,"column":0},"end":{"line":27,"column":2}},"9":{"start":{"line":29,"column":0},"end":{"line":33,"column":2}},"10":{"start":{"line":35,"column":0},"end":{"line":39,"column":2}},"11":{"start":{"line":41,"column":0},"end":{"line":41,"column":22}}},"fnMap":{},"branchMap":{},"s":{"0":2,"1":2,"2":2,"3":2,"4":2,"5":2,"6":2,"7":2,"8":2,"9":2,"10":2,"11":2},"f":{},"b":{}}
,"C:\\Users\\Fran\\OneDrive - unicesar.edu.co\\Escritorio\\Cursos\\React\\React Guia completa\\rest_api_node_ts_server\\src\\server.ts": {"path":"C:\\Users\\Fran\\OneDrive - unicesar.edu.co\\Escritorio\\Cursos\\React\\React Guia completa\\rest_api_node_ts_server\\src\\server.ts","statementMap":{"0":{"start":{"line":7,"column":0},"end":{"line":7,"column":7}},"1":{"start":{"line":1,"column":0},"end":{"line":1,"column":30}},"2":{"start":{"line":2,"column":0},"end":{"line":2,"column":30}},"3":{"start":{"line":3,"column":0},"end":{"line":3,"column":29}},"4":{"start":{"line":4,"column":0},"end":{"line":4,"column":28}},"5":{"start":{"line":8,"column":2},"end":{"line":13,"column":3}},"6":{"start":{"line":9,"column":4},"end":{"line":9,"column":28}},"7":{"start":{"line":10,"column":4},"end":{"line":10,"column":14}},"8":{"start":{"line":12,"column":4},"end":{"line":12,"column":72}},"9":{"start":{"line":16,"column":0},"end":{"line":16,"column":12}},"10":{"start":{"line":19,"column":15},"end":{"line":19,"column":24}},"11":{"start":{"line":22,"column":0},"end":{"line":22,"column":27}},"12":{"start":{"line":25,"column":0},"end":{"line":25,"column":32}},"13":{"start":{"line":26,"column":0},"end":{"line":28,"column":3}},"14":{"start":{"line":27,"column":2},"end":{"line":27,"column":33}},"15":{"start":{"line":30,"column":0},"end":{"line":30,"column":22}}},"fnMap":{"0":{"name":"connectDB","decl":{"start":{"line":7,"column":22},"end":{"line":7,"column":31}},"loc":{"start":{"line":7,"column":31},"end":{"line":14,"column":1}}},"1":{"name":"(anonymous_2)","decl":{"start":{"line":26,"column":19},"end":{"line":26,"column":20}},"loc":{"start":{"line":26,"column":32},"end":{"line":28,"column":1}}}},"branchMap":{},"s":{"0":2,"1":2,"2":2,"3":2,"4":2,"5":3,"6":3,"7":2,"8":1,"9":2,"10":2,"11":2,"12":2,"13":2,"14":1,"15":2},"f":{"0":3,"1":1},"b":{}}
,"C:\\Users\\Fran\\OneDrive - unicesar.edu.co\\Escritorio\\Cursos\\React\\React Guia completa\\rest_api_node_ts_server\\src\\config\\db.ts": {"path":"C:\\Users\\Fran\\OneDrive - unicesar.edu.co\\Escritorio\\Cursos\\React\\React Guia completa\\rest_api_node_ts_server\\src\\config\\db.ts","statementMap":{"0":{"start":{"line":1,"column":0},"end":{"line":1,"column":49}},"1":{"start":{"line":2,"column":0},"end":{"line":2,"column":28}},"2":{"start":{"line":4,"column":0},"end":{"line":4,"column":16}},"3":{"start":{"line":5,"column":0},"end":{"line":5,"column":14}},"4":{"start":{"line":7,"column":11},"end":{"line":10,"column":2}},"5":{"start":{"line":12,"column":0},"end":{"line":12,"column":18}}},"fnMap":{},"branchMap":{},"s":{"0":2,"1":2,"2":2,"3":2,"4":2,"5":2},"f":{},"b":{}}
,"C:\\Users\\Fran\\OneDrive - unicesar.edu.co\\Escritorio\\Cursos\\React\\React Guia completa\\rest_api_node_ts_server\\src\\handlers\\product.ts": {"path":"C:\\Users\\Fran\\OneDrive - unicesar.edu.co\\Escritorio\\Cursos\\React\\React Guia completa\\rest_api_node_ts_server\\src\\handlers\\product.ts","statementMap":{"0":{"start":{"line":2,"column":0},"end":{"line":2,"column":46}},"1":{"start":{"line":4,"column":29},"end":{"line":7,"column":1}},"2":{"start":{"line":5,"column":18},"end":{"line":5,"column":48}},"3":{"start":{"line":6,"column":2},"end":{"line":6,"column":42}},"4":{"start":{"line":4,"column":13},"end":{"line":4,"column":29}},"5":{"start":{"line":9,"column":27},"end":{"line":17,"column":1}},"6":{"start":{"line":10,"column":19},"end":{"line":15,"column":4}},"7":{"start":{"line":16,"column":2},"end":{"line":16,"column":31}},"8":{"start":{"line":9,"column":13},"end":{"line":9,"column":27}},"9":{"start":{"line":19,"column":30},"end":{"line":26,"column":1}},"10":{"start":{"line":20,"column":17},"end":{"line":20,"column":27}},"11":{"start":{"line":22,"column":18},"end":{"line":22,"column":44}},"12":{"start":{"line":23,"column":2},"end":{"line":24,"column":69}},"13":{"start":{"line":24,"column":4},"end":{"line":24,"column":69}},"14":{"start":{"line":25,"column":2},"end":{"line":25,"column":30}},"15":{"start":{"line":19,"column":13},"end":{"line":19,"column":30}},"16":{"start":{"line":28,"column":29},"end":{"line":39,"column":1}},"17":{"start":{"line":29,"column":17},"end":{"line":29,"column":27}},"18":{"start":{"line":31,"column":18},"end":{"line":31,"column":44}},"19":{"start":{"line":32,"column":2},"end":{"line":33,"column":78}},"20":{"start":{"line":33,"column":4},"end":{"line":33,"column":78}},"21":{"start":{"line":35,"column":2},"end":{"line":35,"column":33}},"22":{"start":{"line":36,"column":2},"end":{"line":36,"column":23}},"23":{"start":{"line":38,"column":2},"end":{"line":38,"column":30}},"24":{"start":{"line":28,"column":13},"end":{"line":28,"column":29}},"25":{"start":{"line":41,"column":34},"end":{"line":52,"column":1}},"26":{"start":{"line":42,"column":17},"end":{"line":42,"column":27}},"27":{"start":{"line":44,"column":18},"end":{"line":44,"column":44}},"28":{"start":{"line":45,"column":2},"end":{"line":46,"column":78}},"29":{"start":{"line":46,"column":4},"end":{"line":46,"column":78}},"30":{"start":{"line":48,"column":2},"end":{"line":48,"column":58}},"31":{"start":{"line":49,"column":2},"end":{"line":49,"column":23}},"32":{"start":{"line":51,"column":2},"end":{"line":51,"column":30}},"33":{"start":{"line":41,"column":13},"end":{"line":41,"column":34}},"34":{"start":{"line":54,"column":29},"end":{"line":66,"column":1}},"35":{"start":{"line":55,"column":17},"end":{"line":55,"column":27}},"36":{"start":{"line":56,"column":18},"end":{"line":56,"column":44}},"37":{"start":{"line":58,"column":2},"end":{"line":62,"column":3}},"38":{"start":{"line":59,"column":4},"end":{"line":61,"column":7}},"39":{"start":{"line":64,"column":2},"end":{"line":64,"column":26}},"40":{"start":{"line":65,"column":2},"end":{"line":65,"column":43}},"41":{"start":{"line":54,"column":13},"end":{"line":54,"column":29}}},"fnMap":{"0":{"name":"(anonymous_1)","decl":{"start":{"line":4,"column":29},"end":{"line":4,"column":34}},"loc":{"start":{"line":4,"column":67},"end":{"line":7,"column":1}}},"1":{"name":"(anonymous_2)","decl":{"start":{"line":9,"column":27},"end":{"line":9,"column":32}},"loc":{"start":{"line":9,"column":65},"end":{"line":17,"column":1}}},"2":{"name":"(anonymous_3)","decl":{"start":{"line":19,"column":30},"end":{"line":19,"column":35}},"loc":{"start":{"line":19,"column":68},"end":{"line":26,"column":1}}},"3":{"name":"(anonymous_4)","decl":{"start":{"line":28,"column":29},"end":{"line":28,"column":34}},"loc":{"start":{"line":28,"column":67},"end":{"line":39,"column":1}}},"4":{"name":"(anonymous_5)","decl":{"start":{"line":41,"column":34},"end":{"line":41,"column":39}},"loc":{"start":{"line":41,"column":72},"end":{"line":52,"column":1}}},"5":{"name":"(anonymous_6)","decl":{"start":{"line":54,"column":29},"end":{"line":54,"column":34}},"loc":{"start":{"line":54,"column":67},"end":{"line":66,"column":1}}}},"branchMap":{"0":{"loc":{"start":{"line":23,"column":2},"end":{"line":24,"column":69}},"type":"if","locations":[{"start":{"line":23,"column":2},"end":{"line":24,"column":69}}]},"1":{"loc":{"start":{"line":32,"column":2},"end":{"line":33,"column":78}},"type":"if","locations":[{"start":{"line":32,"column":2},"end":{"line":33,"column":78}}]},"2":{"loc":{"start":{"line":45,"column":2},"end":{"line":46,"column":78}},"type":"if","locations":[{"start":{"line":45,"column":2},"end":{"line":46,"column":78}}]},"3":{"loc":{"start":{"line":58,"column":2},"end":{"line":62,"column":3}},"type":"if","locations":[{"start":{"line":58,"column":2},"end":{"line":62,"column":3}}]}},"s":{"0":2,"1":2,"2":1,"3":1,"4":2,"5":2,"6":2,"7":2,"8":2,"9":2,"10":2,"11":2,"12":2,"13":1,"14":1,"15":2,"16":2,"17":0,"18":0,"19":0,"20":0,"21":0,"22":0,"23":0,"24":2,"25":2,"26":0,"27":0,"28":0,"29":0,"30":0,"31":0,"32":0,"33":2,"34":2,"35":2,"36":2,"37":2,"38":1,"39":1,"40":1,"41":2},"f":{"0":1,"1":2,"2":2,"3":0,"4":0,"5":2},"b":{"0":[1],"1":[0],"2":[0],"3":[1]}}
,"C:\\Users\\Fran\\OneDrive - unicesar.edu.co\\Escritorio\\Cursos\\React\\React Guia completa\\rest_api_node_ts_server\\src\\middleware\\index.ts": {"path":"C:\\Users\\Fran\\OneDrive - unicesar.edu.co\\Escritorio\\Cursos\\React\\React Guia completa\\rest_api_node_ts_server\\src\\middleware\\index.ts","statementMap":{"0":{"start":{"line":2,"column":0},"end":{"line":2,"column":60}},"1":{"start":{"line":3,"column":0},"end":{"line":3,"column":28}},"2":{"start":{"line":4,"column":33},"end":{"line":33,"column":1}},"3":{"start":{"line":10,"column":2},"end":{"line":32,"column":3}},"4":{"start":{"line":11,"column":4},"end":{"line":14,"column":16}},"5":{"start":{"line":16,"column":4},"end":{"line":23,"column":16}},"6":{"start":{"line":21,"column":25},"end":{"line":21,"column":34}},"7":{"start":{"line":25,"column":17},"end":{"line":25,"column":38}},"8":{"start":{"line":26,"column":4},"end":{"line":28,"column":5}},"9":{"start":{"line":27,"column":6},"end":{"line":27,"column":62}},"10":{"start":{"line":29,"column":4},"end":{"line":29,"column":11}},"11":{"start":{"line":31,"column":4},"end":{"line":31,"column":42}},"12":{"start":{"line":4,"column":13},"end":{"line":4,"column":33}}},"fnMap":{"0":{"name":"(anonymous_1)","decl":{"start":{"line":4,"column":33},"end":{"line":4,"column":38}},"loc":{"start":{"line":8,"column":4},"end":{"line":33,"column":1}}},"1":{"name":"(anonymous_2)","decl":{"start":{"line":21,"column":14},"end":{"line":21,"column":15}},"loc":{"start":{"line":21,"column":25},"end":{"line":21,"column":34}}}},"branchMap":{"0":{"loc":{"start":{"line":26,"column":4},"end":{"line":28,"column":5}},"type":"if","locations":[{"start":{"line":26,"column":4},"end":{"line":28,"column":5}}]}},"s":{"0":2,"1":2,"2":2,"3":3,"4":3,"5":3,"6":3,"7":3,"8":3,"9":2,"10":1,"11":0,"12":2},"f":{"0":3,"1":3},"b":{"0":[2]}}
,"C:\\Users\\Fran\\OneDrive - unicesar.edu.co\\Escritorio\\Cursos\\React\\React Guia completa\\rest_api_node_ts_server\\src\\models\\Product.model.ts": {"path":"C:\\Users\\Fran\\OneDrive - unicesar.edu.co\\Escritorio\\Cursos\\React\\React Guia completa\\rest_api_node_ts_server\\src\\models\\Product.model.ts","statementMap":{"0":{"start":{"line":1,"column":0},"end":{"line":1,"column":79}},"1":{"start":{"line":6,"column":0},"end":{"line":21,"column":null}},"2":{"start":{"line":10,"column":10},"end":{"line":10,"column":null}},"3":{"start":{"line":14,"column":10},"end":{"line":14,"column":null}},"4":{"start":{"line":20,"column":10},"end":{"line":20,"column":null}},"5":{"start":{"line":6,"column":6},"end":{"line":21,"column":null}},"6":{"start":{"line":23,"column":0},"end":{"line":23,"column":23}}},"fnMap":{},"branchMap":{},"s":{"0":3,"1":3,"2":3,"3":3,"4":3,"5":3,"6":3},"f":{},"b":{}}
}
